2021-02-28 22:09:24,032 [Thread-1:10488] [django.request:224] [ERROR]- Internal Server Error: /register/
Traceback (most recent call last):
  File "C:\Users\T-bao\Desktop\orange\shrimp\views.py", line 52, in post
    models.User.objects.get(email=username)
  File "C:\Users\T-bao\AppData\Roaming\Python\Python39\site-packages\django\db\models\manager.py", line 85, in manager_method
    return getattr(self.get_queryset(), name)(*args, **kwargs)
  File "C:\Users\T-bao\AppData\Roaming\Python\Python39\site-packages\django\db\models\query.py", line 429, in get
    raise self.model.DoesNotExist(
shrimp.models.User.DoesNotExist: User matching query does not exist.

During handling of the above exception, another exception occurred:

Traceback (most recent call last):
  File "C:\Users\T-bao\AppData\Roaming\Python\Python39\site-packages\django\db\backends\utils.py", line 84, in _execute
    return self.cursor.execute(sql, params)
  File "C:\Users\T-bao\AppData\Roaming\Python\Python39\site-packages\django\db\backends\mysql\base.py", line 73, in execute
    return self.cursor.execute(query, args)
  File "C:\Users\T-bao\AppData\Roaming\Python\Python39\site-packages\MySQLdb\cursors.py", line 209, in execute
    res = self._query(query)
  File "C:\Users\T-bao\AppData\Roaming\Python\Python39\site-packages\MySQLdb\cursors.py", line 315, in _query
    db.query(q)
  File "C:\Users\T-bao\AppData\Roaming\Python\Python39\site-packages\MySQLdb\connections.py", line 239, in query
    _mysql.connection.query(self, query)
MySQLdb._exceptions.ProgrammingError: (1146, "Table 'shrimp.shrimp_urltoken' doesn't exist")

The above exception was the direct cause of the following exception:

Traceback (most recent call last):
  File "C:\Users\T-bao\Desktop\orange\shrimp\views.py", line 63, in post
    token = models.UrlToken.objects.get(url_token=url_token)
  File "C:\Users\T-bao\AppData\Roaming\Python\Python39\site-packages\django\db\models\manager.py", line 85, in manager_method
    return getattr(self.get_queryset(), name)(*args, **kwargs)
  File "C:\Users\T-bao\AppData\Roaming\Python\Python39\site-packages\django\db\models\query.py", line 425, in get
    num = len(clone)
  File "C:\Users\T-bao\AppData\Roaming\Python\Python39\site-packages\django\db\models\query.py", line 269, in __len__
    self._fetch_all()
  File "C:\Users\T-bao\AppData\Roaming\Python\Python39\site-packages\django\db\models\query.py", line 1308, in _fetch_all
    self._result_cache = list(self._iterable_class(self))
  File "C:\Users\T-bao\AppData\Roaming\Python\Python39\site-packages\django\db\models\query.py", line 53, in __iter__
    results = compiler.execute_sql(chunked_fetch=self.chunked_fetch, chunk_size=self.chunk_size)
  File "C:\Users\T-bao\AppData\Roaming\Python\Python39\site-packages\django\db\models\sql\compiler.py", line 1156, in execute_sql
    cursor.execute(sql, params)
  File "C:\Users\T-bao\AppData\Roaming\Python\Python39\site-packages\django\db\backends\utils.py", line 98, in execute
    return super().execute(sql, params)
  File "C:\Users\T-bao\AppData\Roaming\Python\Python39\site-packages\django\db\backends\utils.py", line 66, in execute
    return self._execute_with_wrappers(sql, params, many=False, executor=self._execute)
  File "C:\Users\T-bao\AppData\Roaming\Python\Python39\site-packages\django\db\backends\utils.py", line 75, in _execute_with_wrappers
    return executor(sql, params, many, context)
  File "C:\Users\T-bao\AppData\Roaming\Python\Python39\site-packages\django\db\backends\utils.py", line 84, in _execute
    return self.cursor.execute(sql, params)
  File "C:\Users\T-bao\AppData\Roaming\Python\Python39\site-packages\django\db\utils.py", line 90, in __exit__
    raise dj_exc_value.with_traceback(traceback) from exc_value
  File "C:\Users\T-bao\AppData\Roaming\Python\Python39\site-packages\django\db\backends\utils.py", line 84, in _execute
    return self.cursor.execute(sql, params)
  File "C:\Users\T-bao\AppData\Roaming\Python\Python39\site-packages\django\db\backends\mysql\base.py", line 73, in execute
    return self.cursor.execute(query, args)
  File "C:\Users\T-bao\AppData\Roaming\Python\Python39\site-packages\MySQLdb\cursors.py", line 209, in execute
    res = self._query(query)
  File "C:\Users\T-bao\AppData\Roaming\Python\Python39\site-packages\MySQLdb\cursors.py", line 315, in _query
    db.query(q)
  File "C:\Users\T-bao\AppData\Roaming\Python\Python39\site-packages\MySQLdb\connections.py", line 239, in query
    _mysql.connection.query(self, query)
django.db.utils.ProgrammingError: (1146, "Table 'shrimp.shrimp_urltoken' doesn't exist")

During handling of the above exception, another exception occurred:

Traceback (most recent call last):
  File "C:\Users\T-bao\AppData\Roaming\Python\Python39\site-packages\django\db\backends\utils.py", line 84, in _execute
    return self.cursor.execute(sql, params)
  File "C:\Users\T-bao\AppData\Roaming\Python\Python39\site-packages\django\db\backends\mysql\base.py", line 73, in execute
    return self.cursor.execute(query, args)
  File "C:\Users\T-bao\AppData\Roaming\Python\Python39\site-packages\MySQLdb\cursors.py", line 209, in execute
    res = self._query(query)
  File "C:\Users\T-bao\AppData\Roaming\Python\Python39\site-packages\MySQLdb\cursors.py", line 315, in _query
    db.query(q)
  File "C:\Users\T-bao\AppData\Roaming\Python\Python39\site-packages\MySQLdb\connections.py", line 239, in query
    _mysql.connection.query(self, query)
MySQLdb._exceptions.ProgrammingError: (1146, "Table 'shrimp.shrimp_urltoken' doesn't exist")

The above exception was the direct cause of the following exception:

Traceback (most recent call last):
  File "C:\Users\T-bao\AppData\Roaming\Python\Python39\site-packages\django\core\handlers\exception.py", line 47, in inner
    response = get_response(request)
  File "C:\Users\T-bao\AppData\Roaming\Python\Python39\site-packages\django\core\handlers\base.py", line 181, in _get_response
    response = wrapped_callback(request, *callback_args, **callback_kwargs)
  File "C:\Users\T-bao\AppData\Roaming\Python\Python39\site-packages\django\views\generic\base.py", line 70, in view
    return self.dispatch(request, *args, **kwargs)
  File "C:\Users\T-bao\AppData\Roaming\Python\Python39\site-packages\django\views\generic\base.py", line 98, in dispatch
    return handler(request, *args, **kwargs)
  File "C:\Users\T-bao\Desktop\orange\shrimp\views.py", line 71, in post
    models.UrlToken.objects.create(url_token=url_token)
  File "C:\Users\T-bao\AppData\Roaming\Python\Python39\site-packages\django\db\models\manager.py", line 85, in manager_method
    return getattr(self.get_queryset(), name)(*args, **kwargs)
  File "C:\Users\T-bao\AppData\Roaming\Python\Python39\site-packages\django\db\models\query.py", line 447, in create
    obj.save(force_insert=True, using=self.db)
  File "C:\Users\T-bao\AppData\Roaming\Python\Python39\site-packages\django\db\models\base.py", line 753, in save
    self.save_base(using=using, force_insert=force_insert,
  File "C:\Users\T-bao\AppData\Roaming\Python\Python39\site-packages\django\db\models\base.py", line 790, in save_base
    updated = self._save_table(
  File "C:\Users\T-bao\AppData\Roaming\Python\Python39\site-packages\django\db\models\base.py", line 895, in _save_table
    results = self._do_insert(cls._base_manager, using, fields, returning_fields, raw)
  File "C:\Users\T-bao\AppData\Roaming\Python\Python39\site-packages\django\db\models\base.py", line 933, in _do_insert
    return manager._insert(
  File "C:\Users\T-bao\AppData\Roaming\Python\Python39\site-packages\django\db\models\manager.py", line 85, in manager_method
    return getattr(self.get_queryset(), name)(*args, **kwargs)
  File "C:\Users\T-bao\AppData\Roaming\Python\Python39\site-packages\django\db\models\query.py", line 1254, in _insert
    return query.get_compiler(using=using).execute_sql(returning_fields)
  File "C:\Users\T-bao\AppData\Roaming\Python\Python39\site-packages\django\db\models\sql\compiler.py", line 1397, in execute_sql
    cursor.execute(sql, params)
  File "C:\Users\T-bao\AppData\Roaming\Python\Python39\site-packages\django\db\backends\utils.py", line 98, in execute
    return super().execute(sql, params)
  File "C:\Users\T-bao\AppData\Roaming\Python\Python39\site-packages\django\db\backends\utils.py", line 66, in execute
    return self._execute_with_wrappers(sql, params, many=False, executor=self._execute)
  File "C:\Users\T-bao\AppData\Roaming\Python\Python39\site-packages\django\db\backends\utils.py", line 75, in _execute_with_wrappers
    return executor(sql, params, many, context)
  File "C:\Users\T-bao\AppData\Roaming\Python\Python39\site-packages\django\db\backends\utils.py", line 84, in _execute
    return self.cursor.execute(sql, params)
  File "C:\Users\T-bao\AppData\Roaming\Python\Python39\site-packages\django\db\utils.py", line 90, in __exit__
    raise dj_exc_value.with_traceback(traceback) from exc_value
  File "C:\Users\T-bao\AppData\Roaming\Python\Python39\site-packages\django\db\backends\utils.py", line 84, in _execute
    return self.cursor.execute(sql, params)
  File "C:\Users\T-bao\AppData\Roaming\Python\Python39\site-packages\django\db\backends\mysql\base.py", line 73, in execute
    return self.cursor.execute(query, args)
  File "C:\Users\T-bao\AppData\Roaming\Python\Python39\site-packages\MySQLdb\cursors.py", line 209, in execute
    res = self._query(query)
  File "C:\Users\T-bao\AppData\Roaming\Python\Python39\site-packages\MySQLdb\cursors.py", line 315, in _query
    db.query(q)
  File "C:\Users\T-bao\AppData\Roaming\Python\Python39\site-packages\MySQLdb\connections.py", line 239, in query
    _mysql.connection.query(self, query)
django.db.utils.ProgrammingError: (1146, "Table 'shrimp.shrimp_urltoken' doesn't exist")
2021-03-01 14:23:15,803 [Thread-1:6792] [django.request:224] [ERROR]- Internal Server Error: /login/
Traceback (most recent call last):
  File "C:\Users\T-bao\AppData\Roaming\Python\Python39\site-packages\django\core\handlers\exception.py", line 47, in inner
    response = get_response(request)
  File "C:\Users\T-bao\AppData\Roaming\Python\Python39\site-packages\django\core\handlers\base.py", line 181, in _get_response
    response = wrapped_callback(request, *callback_args, **callback_kwargs)
  File "C:\Users\T-bao\AppData\Roaming\Python\Python39\site-packages\django\views\generic\base.py", line 70, in view
    return self.dispatch(request, *args, **kwargs)
  File "C:\Users\T-bao\AppData\Roaming\Python\Python39\site-packages\django\views\generic\base.py", line 98, in dispatch
    return handler(request, *args, **kwargs)
  File "C:\Users\T-bao\Desktop\orange\shrimp\views.py", line 106, in post
    print(user.is_active)
AttributeError: 'NoneType' object has no attribute 'is_active'
2021-03-01 14:23:26,453 [Thread-1:6792] [django.request:224] [ERROR]- Internal Server Error: /login/
Traceback (most recent call last):
  File "C:\Users\T-bao\AppData\Roaming\Python\Python39\site-packages\django\core\handlers\exception.py", line 47, in inner
    response = get_response(request)
  File "C:\Users\T-bao\AppData\Roaming\Python\Python39\site-packages\django\core\handlers\base.py", line 181, in _get_response
    response = wrapped_callback(request, *callback_args, **callback_kwargs)
  File "C:\Users\T-bao\AppData\Roaming\Python\Python39\site-packages\django\views\generic\base.py", line 70, in view
    return self.dispatch(request, *args, **kwargs)
  File "C:\Users\T-bao\AppData\Roaming\Python\Python39\site-packages\django\views\generic\base.py", line 98, in dispatch
    return handler(request, *args, **kwargs)
  File "C:\Users\T-bao\Desktop\orange\shrimp\views.py", line 106, in post
    print(user.is_active)
AttributeError: 'NoneType' object has no attribute 'is_active'
2021-03-01 14:38:21,463 [Thread-1:7188] [django.request:224] [ERROR]- Internal Server Error: /register/
Traceback (most recent call last):
  File "C:\Users\T-bao\Desktop\orange\shrimp\views.py", line 52, in post
    models.User.objects.get(email=username)
  File "C:\Users\T-bao\AppData\Roaming\Python\Python39\site-packages\django\db\models\manager.py", line 85, in manager_method
    return getattr(self.get_queryset(), name)(*args, **kwargs)
  File "C:\Users\T-bao\AppData\Roaming\Python\Python39\site-packages\django\db\models\query.py", line 429, in get
    raise self.model.DoesNotExist(
shrimp.models.User.DoesNotExist: User matching query does not exist.

During handling of the above exception, another exception occurred:

Traceback (most recent call last):
  File "C:\Users\T-bao\AppData\Roaming\Python\Python39\site-packages\django\db\backends\utils.py", line 84, in _execute
    return self.cursor.execute(sql, params)
  File "C:\Users\T-bao\AppData\Roaming\Python\Python39\site-packages\django\db\backends\mysql\base.py", line 73, in execute
    return self.cursor.execute(query, args)
  File "C:\Users\T-bao\AppData\Roaming\Python\Python39\site-packages\MySQLdb\cursors.py", line 209, in execute
    res = self._query(query)
  File "C:\Users\T-bao\AppData\Roaming\Python\Python39\site-packages\MySQLdb\cursors.py", line 315, in _query
    db.query(q)
  File "C:\Users\T-bao\AppData\Roaming\Python\Python39\site-packages\MySQLdb\connections.py", line 239, in query
    _mysql.connection.query(self, query)
MySQLdb._exceptions.IntegrityError: (1062, "Duplicate entry 'xiaoliang1' for key 'shrimp_user.url_token'")

The above exception was the direct cause of the following exception:

Traceback (most recent call last):
  File "C:\Users\T-bao\AppData\Roaming\Python\Python39\site-packages\django\core\handlers\exception.py", line 47, in inner
    response = get_response(request)
  File "C:\Users\T-bao\AppData\Roaming\Python\Python39\site-packages\django\core\handlers\base.py", line 181, in _get_response
    response = wrapped_callback(request, *callback_args, **callback_kwargs)
  File "C:\Users\T-bao\AppData\Roaming\Python\Python39\site-packages\django\views\generic\base.py", line 70, in view
    return self.dispatch(request, *args, **kwargs)
  File "C:\Users\T-bao\AppData\Roaming\Python\Python39\site-packages\django\views\generic\base.py", line 98, in dispatch
    return handler(request, *args, **kwargs)
  File "C:\Users\T-bao\Desktop\orange\shrimp\views.py", line 73, in post
    user = models.User.objects.create_user(nickname, username, secret_key, url_token=url_token)
  File "C:\Users\T-bao\Desktop\orange\shrimp\models.py", line 26, in create_user
    return self._create_user(username, email, password, **extra_fields)
  File "C:\Users\T-bao\Desktop\orange\shrimp\models.py", line 20, in _create_user
    user.save(using=self._db)
  File "C:\Users\T-bao\AppData\Roaming\Python\Python39\site-packages\django\contrib\auth\base_user.py", line 67, in save
    super().save(*args, **kwargs)
  File "C:\Users\T-bao\AppData\Roaming\Python\Python39\site-packages\django\db\models\base.py", line 753, in save
    self.save_base(using=using, force_insert=force_insert,
  File "C:\Users\T-bao\AppData\Roaming\Python\Python39\site-packages\django\db\models\base.py", line 790, in save_base
    updated = self._save_table(
  File "C:\Users\T-bao\AppData\Roaming\Python\Python39\site-packages\django\db\models\base.py", line 895, in _save_table
    results = self._do_insert(cls._base_manager, using, fields, returning_fields, raw)
  File "C:\Users\T-bao\AppData\Roaming\Python\Python39\site-packages\django\db\models\base.py", line 933, in _do_insert
    return manager._insert(
  File "C:\Users\T-bao\AppData\Roaming\Python\Python39\site-packages\django\db\models\manager.py", line 85, in manager_method
    return getattr(self.get_queryset(), name)(*args, **kwargs)
  File "C:\Users\T-bao\AppData\Roaming\Python\Python39\site-packages\django\db\models\query.py", line 1254, in _insert
    return query.get_compiler(using=using).execute_sql(returning_fields)
  File "C:\Users\T-bao\AppData\Roaming\Python\Python39\site-packages\django\db\models\sql\compiler.py", line 1397, in execute_sql
    cursor.execute(sql, params)
  File "C:\Users\T-bao\AppData\Roaming\Python\Python39\site-packages\django\db\backends\utils.py", line 98, in execute
    return super().execute(sql, params)
  File "C:\Users\T-bao\AppData\Roaming\Python\Python39\site-packages\django\db\backends\utils.py", line 66, in execute
    return self._execute_with_wrappers(sql, params, many=False, executor=self._execute)
  File "C:\Users\T-bao\AppData\Roaming\Python\Python39\site-packages\django\db\backends\utils.py", line 75, in _execute_with_wrappers
    return executor(sql, params, many, context)
  File "C:\Users\T-bao\AppData\Roaming\Python\Python39\site-packages\django\db\backends\utils.py", line 84, in _execute
    return self.cursor.execute(sql, params)
  File "C:\Users\T-bao\AppData\Roaming\Python\Python39\site-packages\django\db\utils.py", line 90, in __exit__
    raise dj_exc_value.with_traceback(traceback) from exc_value
  File "C:\Users\T-bao\AppData\Roaming\Python\Python39\site-packages\django\db\backends\utils.py", line 84, in _execute
    return self.cursor.execute(sql, params)
  File "C:\Users\T-bao\AppData\Roaming\Python\Python39\site-packages\django\db\backends\mysql\base.py", line 73, in execute
    return self.cursor.execute(query, args)
  File "C:\Users\T-bao\AppData\Roaming\Python\Python39\site-packages\MySQLdb\cursors.py", line 209, in execute
    res = self._query(query)
  File "C:\Users\T-bao\AppData\Roaming\Python\Python39\site-packages\MySQLdb\cursors.py", line 315, in _query
    db.query(q)
  File "C:\Users\T-bao\AppData\Roaming\Python\Python39\site-packages\MySQLdb\connections.py", line 239, in query
    _mysql.connection.query(self, query)
django.db.utils.IntegrityError: (1062, "Duplicate entry 'xiaoliang1' for key 'shrimp_user.url_token'")
2021-03-01 14:39:00,410 [Thread-1:7188] [django.request:224] [ERROR]- Internal Server Error: /register/
Traceback (most recent call last):
  File "C:\Users\T-bao\Desktop\orange\shrimp\views.py", line 52, in post
    models.User.objects.get(email=username)
  File "C:\Users\T-bao\AppData\Roaming\Python\Python39\site-packages\django\db\models\manager.py", line 85, in manager_method
    return getattr(self.get_queryset(), name)(*args, **kwargs)
  File "C:\Users\T-bao\AppData\Roaming\Python\Python39\site-packages\django\db\models\query.py", line 429, in get
    raise self.model.DoesNotExist(
shrimp.models.User.DoesNotExist: User matching query does not exist.

During handling of the above exception, another exception occurred:

Traceback (most recent call last):
  File "C:\Users\T-bao\AppData\Roaming\Python\Python39\site-packages\django\db\backends\utils.py", line 84, in _execute
    return self.cursor.execute(sql, params)
  File "C:\Users\T-bao\AppData\Roaming\Python\Python39\site-packages\django\db\backends\mysql\base.py", line 73, in execute
    return self.cursor.execute(query, args)
  File "C:\Users\T-bao\AppData\Roaming\Python\Python39\site-packages\MySQLdb\cursors.py", line 209, in execute
    res = self._query(query)
  File "C:\Users\T-bao\AppData\Roaming\Python\Python39\site-packages\MySQLdb\cursors.py", line 315, in _query
    db.query(q)
  File "C:\Users\T-bao\AppData\Roaming\Python\Python39\site-packages\MySQLdb\connections.py", line 239, in query
    _mysql.connection.query(self, query)
MySQLdb._exceptions.IntegrityError: (1062, "Duplicate entry 'xiaoliang1' for key 'shrimp_user.url_token'")

The above exception was the direct cause of the following exception:

Traceback (most recent call last):
  File "C:\Users\T-bao\AppData\Roaming\Python\Python39\site-packages\django\core\handlers\exception.py", line 47, in inner
    response = get_response(request)
  File "C:\Users\T-bao\AppData\Roaming\Python\Python39\site-packages\django\core\handlers\base.py", line 181, in _get_response
    response = wrapped_callback(request, *callback_args, **callback_kwargs)
  File "C:\Users\T-bao\AppData\Roaming\Python\Python39\site-packages\django\views\generic\base.py", line 70, in view
    return self.dispatch(request, *args, **kwargs)
  File "C:\Users\T-bao\AppData\Roaming\Python\Python39\site-packages\django\views\generic\base.py", line 98, in dispatch
    return handler(request, *args, **kwargs)
  File "C:\Users\T-bao\Desktop\orange\shrimp\views.py", line 73, in post
    user = models.User.objects.create_user(nickname, username, secret_key, url_token=url_token)
  File "C:\Users\T-bao\Desktop\orange\shrimp\models.py", line 26, in create_user
    return self._create_user(username, email, password, **extra_fields)
  File "C:\Users\T-bao\Desktop\orange\shrimp\models.py", line 20, in _create_user
    user.save(using=self._db)
  File "C:\Users\T-bao\AppData\Roaming\Python\Python39\site-packages\django\contrib\auth\base_user.py", line 67, in save
    super().save(*args, **kwargs)
  File "C:\Users\T-bao\AppData\Roaming\Python\Python39\site-packages\django\db\models\base.py", line 753, in save
    self.save_base(using=using, force_insert=force_insert,
  File "C:\Users\T-bao\AppData\Roaming\Python\Python39\site-packages\django\db\models\base.py", line 790, in save_base
    updated = self._save_table(
  File "C:\Users\T-bao\AppData\Roaming\Python\Python39\site-packages\django\db\models\base.py", line 895, in _save_table
    results = self._do_insert(cls._base_manager, using, fields, returning_fields, raw)
  File "C:\Users\T-bao\AppData\Roaming\Python\Python39\site-packages\django\db\models\base.py", line 933, in _do_insert
    return manager._insert(
  File "C:\Users\T-bao\AppData\Roaming\Python\Python39\site-packages\django\db\models\manager.py", line 85, in manager_method
    return getattr(self.get_queryset(), name)(*args, **kwargs)
  File "C:\Users\T-bao\AppData\Roaming\Python\Python39\site-packages\django\db\models\query.py", line 1254, in _insert
    return query.get_compiler(using=using).execute_sql(returning_fields)
  File "C:\Users\T-bao\AppData\Roaming\Python\Python39\site-packages\django\db\models\sql\compiler.py", line 1397, in execute_sql
    cursor.execute(sql, params)
  File "C:\Users\T-bao\AppData\Roaming\Python\Python39\site-packages\django\db\backends\utils.py", line 98, in execute
    return super().execute(sql, params)
  File "C:\Users\T-bao\AppData\Roaming\Python\Python39\site-packages\django\db\backends\utils.py", line 66, in execute
    return self._execute_with_wrappers(sql, params, many=False, executor=self._execute)
  File "C:\Users\T-bao\AppData\Roaming\Python\Python39\site-packages\django\db\backends\utils.py", line 75, in _execute_with_wrappers
    return executor(sql, params, many, context)
  File "C:\Users\T-bao\AppData\Roaming\Python\Python39\site-packages\django\db\backends\utils.py", line 84, in _execute
    return self.cursor.execute(sql, params)
  File "C:\Users\T-bao\AppData\Roaming\Python\Python39\site-packages\django\db\utils.py", line 90, in __exit__
    raise dj_exc_value.with_traceback(traceback) from exc_value
  File "C:\Users\T-bao\AppData\Roaming\Python\Python39\site-packages\django\db\backends\utils.py", line 84, in _execute
    return self.cursor.execute(sql, params)
  File "C:\Users\T-bao\AppData\Roaming\Python\Python39\site-packages\django\db\backends\mysql\base.py", line 73, in execute
    return self.cursor.execute(query, args)
  File "C:\Users\T-bao\AppData\Roaming\Python\Python39\site-packages\MySQLdb\cursors.py", line 209, in execute
    res = self._query(query)
  File "C:\Users\T-bao\AppData\Roaming\Python\Python39\site-packages\MySQLdb\cursors.py", line 315, in _query
    db.query(q)
  File "C:\Users\T-bao\AppData\Roaming\Python\Python39\site-packages\MySQLdb\connections.py", line 239, in query
    _mysql.connection.query(self, query)
django.db.utils.IntegrityError: (1062, "Duplicate entry 'xiaoliang1' for key 'shrimp_user.url_token'")
2021-03-01 14:45:01,700 [Thread-1:9928] [django.request:224] [ERROR]- Internal Server Error: /register/
Traceback (most recent call last):
  File "C:\Users\T-bao\Desktop\orange\shrimp\views.py", line 52, in post
    models.User.objects.get(email=username)
  File "C:\Users\T-bao\AppData\Roaming\Python\Python39\site-packages\django\db\models\manager.py", line 85, in manager_method
    return getattr(self.get_queryset(), name)(*args, **kwargs)
  File "C:\Users\T-bao\AppData\Roaming\Python\Python39\site-packages\django\db\models\query.py", line 429, in get
    raise self.model.DoesNotExist(
shrimp.models.User.DoesNotExist: User matching query does not exist.

During handling of the above exception, another exception occurred:

Traceback (most recent call last):
  File "C:\Users\T-bao\AppData\Roaming\Python\Python39\site-packages\django\db\backends\utils.py", line 84, in _execute
    return self.cursor.execute(sql, params)
  File "C:\Users\T-bao\AppData\Roaming\Python\Python39\site-packages\django\db\backends\mysql\base.py", line 73, in execute
    return self.cursor.execute(query, args)
  File "C:\Users\T-bao\AppData\Roaming\Python\Python39\site-packages\MySQLdb\cursors.py", line 209, in execute
    res = self._query(query)
  File "C:\Users\T-bao\AppData\Roaming\Python\Python39\site-packages\MySQLdb\cursors.py", line 315, in _query
    db.query(q)
  File "C:\Users\T-bao\AppData\Roaming\Python\Python39\site-packages\MySQLdb\connections.py", line 239, in query
    _mysql.connection.query(self, query)
MySQLdb._exceptions.IntegrityError: (1062, "Duplicate entry 'xiaoliang1' for key 'shrimp_user.url_token'")

The above exception was the direct cause of the following exception:

Traceback (most recent call last):
  File "C:\Users\T-bao\AppData\Roaming\Python\Python39\site-packages\django\core\handlers\exception.py", line 47, in inner
    response = get_response(request)
  File "C:\Users\T-bao\AppData\Roaming\Python\Python39\site-packages\django\core\handlers\base.py", line 181, in _get_response
    response = wrapped_callback(request, *callback_args, **callback_kwargs)
  File "C:\Users\T-bao\AppData\Roaming\Python\Python39\site-packages\django\views\generic\base.py", line 70, in view
    return self.dispatch(request, *args, **kwargs)
  File "C:\Users\T-bao\AppData\Roaming\Python\Python39\site-packages\django\views\generic\base.py", line 98, in dispatch
    return handler(request, *args, **kwargs)
  File "C:\Users\T-bao\Desktop\orange\shrimp\views.py", line 74, in post
    user = models.User.objects.create_user(nickname, username, secret_key, url_token=url_token)
  File "C:\Users\T-bao\Desktop\orange\shrimp\models.py", line 26, in create_user
    return self._create_user(username, email, password, **extra_fields)
  File "C:\Users\T-bao\Desktop\orange\shrimp\models.py", line 20, in _create_user
    user.save(using=self._db)
  File "C:\Users\T-bao\AppData\Roaming\Python\Python39\site-packages\django\contrib\auth\base_user.py", line 67, in save
    super().save(*args, **kwargs)
  File "C:\Users\T-bao\AppData\Roaming\Python\Python39\site-packages\django\db\models\base.py", line 753, in save
    self.save_base(using=using, force_insert=force_insert,
  File "C:\Users\T-bao\AppData\Roaming\Python\Python39\site-packages\django\db\models\base.py", line 790, in save_base
    updated = self._save_table(
  File "C:\Users\T-bao\AppData\Roaming\Python\Python39\site-packages\django\db\models\base.py", line 895, in _save_table
    results = self._do_insert(cls._base_manager, using, fields, returning_fields, raw)
  File "C:\Users\T-bao\AppData\Roaming\Python\Python39\site-packages\django\db\models\base.py", line 933, in _do_insert
    return manager._insert(
  File "C:\Users\T-bao\AppData\Roaming\Python\Python39\site-packages\django\db\models\manager.py", line 85, in manager_method
    return getattr(self.get_queryset(), name)(*args, **kwargs)
  File "C:\Users\T-bao\AppData\Roaming\Python\Python39\site-packages\django\db\models\query.py", line 1254, in _insert
    return query.get_compiler(using=using).execute_sql(returning_fields)
  File "C:\Users\T-bao\AppData\Roaming\Python\Python39\site-packages\django\db\models\sql\compiler.py", line 1397, in execute_sql
    cursor.execute(sql, params)
  File "C:\Users\T-bao\AppData\Roaming\Python\Python39\site-packages\django\db\backends\utils.py", line 98, in execute
    return super().execute(sql, params)
  File "C:\Users\T-bao\AppData\Roaming\Python\Python39\site-packages\django\db\backends\utils.py", line 66, in execute
    return self._execute_with_wrappers(sql, params, many=False, executor=self._execute)
  File "C:\Users\T-bao\AppData\Roaming\Python\Python39\site-packages\django\db\backends\utils.py", line 75, in _execute_with_wrappers
    return executor(sql, params, many, context)
  File "C:\Users\T-bao\AppData\Roaming\Python\Python39\site-packages\django\db\backends\utils.py", line 84, in _execute
    return self.cursor.execute(sql, params)
  File "C:\Users\T-bao\AppData\Roaming\Python\Python39\site-packages\django\db\utils.py", line 90, in __exit__
    raise dj_exc_value.with_traceback(traceback) from exc_value
  File "C:\Users\T-bao\AppData\Roaming\Python\Python39\site-packages\django\db\backends\utils.py", line 84, in _execute
    return self.cursor.execute(sql, params)
  File "C:\Users\T-bao\AppData\Roaming\Python\Python39\site-packages\django\db\backends\mysql\base.py", line 73, in execute
    return self.cursor.execute(query, args)
  File "C:\Users\T-bao\AppData\Roaming\Python\Python39\site-packages\MySQLdb\cursors.py", line 209, in execute
    res = self._query(query)
  File "C:\Users\T-bao\AppData\Roaming\Python\Python39\site-packages\MySQLdb\cursors.py", line 315, in _query
    db.query(q)
  File "C:\Users\T-bao\AppData\Roaming\Python\Python39\site-packages\MySQLdb\connections.py", line 239, in query
    _mysql.connection.query(self, query)
django.db.utils.IntegrityError: (1062, "Duplicate entry 'xiaoliang1' for key 'shrimp_user.url_token'")
2021-03-01 14:53:32,560 [Thread-1:11148] [django.request:224] [ERROR]- Internal Server Error: /register/
Traceback (most recent call last):
  File "C:\Users\T-bao\Desktop\orange\shrimp\views.py", line 52, in post
    models.User.objects.get(email=username)
  File "C:\Users\T-bao\AppData\Roaming\Python\Python39\site-packages\django\db\models\manager.py", line 85, in manager_method
    return getattr(self.get_queryset(), name)(*args, **kwargs)
  File "C:\Users\T-bao\AppData\Roaming\Python\Python39\site-packages\django\db\models\query.py", line 429, in get
    raise self.model.DoesNotExist(
shrimp.models.User.DoesNotExist: User matching query does not exist.

During handling of the above exception, another exception occurred:

Traceback (most recent call last):
  File "C:\Users\T-bao\AppData\Roaming\Python\Python39\site-packages\django\db\backends\utils.py", line 84, in _execute
    return self.cursor.execute(sql, params)
  File "C:\Users\T-bao\AppData\Roaming\Python\Python39\site-packages\django\db\backends\mysql\base.py", line 73, in execute
    return self.cursor.execute(query, args)
  File "C:\Users\T-bao\AppData\Roaming\Python\Python39\site-packages\MySQLdb\cursors.py", line 209, in execute
    res = self._query(query)
  File "C:\Users\T-bao\AppData\Roaming\Python\Python39\site-packages\MySQLdb\cursors.py", line 315, in _query
    db.query(q)
  File "C:\Users\T-bao\AppData\Roaming\Python\Python39\site-packages\MySQLdb\connections.py", line 239, in query
    _mysql.connection.query(self, query)
MySQLdb._exceptions.IntegrityError: (1062, "Duplicate entry 'xiaoliang1' for key 'shrimp_user.url_token'")

The above exception was the direct cause of the following exception:

Traceback (most recent call last):
  File "C:\Users\T-bao\AppData\Roaming\Python\Python39\site-packages\django\core\handlers\exception.py", line 47, in inner
    response = get_response(request)
  File "C:\Users\T-bao\AppData\Roaming\Python\Python39\site-packages\django\core\handlers\base.py", line 181, in _get_response
    response = wrapped_callback(request, *callback_args, **callback_kwargs)
  File "C:\Users\T-bao\AppData\Roaming\Python\Python39\site-packages\django\views\generic\base.py", line 70, in view
    return self.dispatch(request, *args, **kwargs)
  File "C:\Users\T-bao\AppData\Roaming\Python\Python39\site-packages\django\views\generic\base.py", line 98, in dispatch
    return handler(request, *args, **kwargs)
  File "C:\Users\T-bao\Desktop\orange\shrimp\views.py", line 73, in post
    user = models.User.objects.create_user(nickname, username, secret_key, url_token=url_token)
  File "C:\Users\T-bao\Desktop\orange\shrimp\models.py", line 26, in create_user
    return self._create_user(username, email, password, **extra_fields)
  File "C:\Users\T-bao\Desktop\orange\shrimp\models.py", line 20, in _create_user
    user.save(using=self._db)
  File "C:\Users\T-bao\AppData\Roaming\Python\Python39\site-packages\django\contrib\auth\base_user.py", line 67, in save
    super().save(*args, **kwargs)
  File "C:\Users\T-bao\AppData\Roaming\Python\Python39\site-packages\django\db\models\base.py", line 753, in save
    self.save_base(using=using, force_insert=force_insert,
  File "C:\Users\T-bao\AppData\Roaming\Python\Python39\site-packages\django\db\models\base.py", line 790, in save_base
    updated = self._save_table(
  File "C:\Users\T-bao\AppData\Roaming\Python\Python39\site-packages\django\db\models\base.py", line 895, in _save_table
    results = self._do_insert(cls._base_manager, using, fields, returning_fields, raw)
  File "C:\Users\T-bao\AppData\Roaming\Python\Python39\site-packages\django\db\models\base.py", line 933, in _do_insert
    return manager._insert(
  File "C:\Users\T-bao\AppData\Roaming\Python\Python39\site-packages\django\db\models\manager.py", line 85, in manager_method
    return getattr(self.get_queryset(), name)(*args, **kwargs)
  File "C:\Users\T-bao\AppData\Roaming\Python\Python39\site-packages\django\db\models\query.py", line 1254, in _insert
    return query.get_compiler(using=using).execute_sql(returning_fields)
  File "C:\Users\T-bao\AppData\Roaming\Python\Python39\site-packages\django\db\models\sql\compiler.py", line 1397, in execute_sql
    cursor.execute(sql, params)
  File "C:\Users\T-bao\AppData\Roaming\Python\Python39\site-packages\django\db\backends\utils.py", line 98, in execute
    return super().execute(sql, params)
  File "C:\Users\T-bao\AppData\Roaming\Python\Python39\site-packages\django\db\backends\utils.py", line 66, in execute
    return self._execute_with_wrappers(sql, params, many=False, executor=self._execute)
  File "C:\Users\T-bao\AppData\Roaming\Python\Python39\site-packages\django\db\backends\utils.py", line 75, in _execute_with_wrappers
    return executor(sql, params, many, context)
  File "C:\Users\T-bao\AppData\Roaming\Python\Python39\site-packages\django\db\backends\utils.py", line 84, in _execute
    return self.cursor.execute(sql, params)
  File "C:\Users\T-bao\AppData\Roaming\Python\Python39\site-packages\django\db\utils.py", line 90, in __exit__
    raise dj_exc_value.with_traceback(traceback) from exc_value
  File "C:\Users\T-bao\AppData\Roaming\Python\Python39\site-packages\django\db\backends\utils.py", line 84, in _execute
    return self.cursor.execute(sql, params)
  File "C:\Users\T-bao\AppData\Roaming\Python\Python39\site-packages\django\db\backends\mysql\base.py", line 73, in execute
    return self.cursor.execute(query, args)
  File "C:\Users\T-bao\AppData\Roaming\Python\Python39\site-packages\MySQLdb\cursors.py", line 209, in execute
    res = self._query(query)
  File "C:\Users\T-bao\AppData\Roaming\Python\Python39\site-packages\MySQLdb\cursors.py", line 315, in _query
    db.query(q)
  File "C:\Users\T-bao\AppData\Roaming\Python\Python39\site-packages\MySQLdb\connections.py", line 239, in query
    _mysql.connection.query(self, query)
django.db.utils.IntegrityError: (1062, "Duplicate entry 'xiaoliang1' for key 'shrimp_user.url_token'")
2021-03-01 14:53:35,552 [Thread-1:11148] [django.request:224] [ERROR]- Internal Server Error: /register/
Traceback (most recent call last):
  File "C:\Users\T-bao\Desktop\orange\shrimp\views.py", line 52, in post
    models.User.objects.get(email=username)
  File "C:\Users\T-bao\AppData\Roaming\Python\Python39\site-packages\django\db\models\manager.py", line 85, in manager_method
    return getattr(self.get_queryset(), name)(*args, **kwargs)
  File "C:\Users\T-bao\AppData\Roaming\Python\Python39\site-packages\django\db\models\query.py", line 429, in get
    raise self.model.DoesNotExist(
shrimp.models.User.DoesNotExist: User matching query does not exist.

During handling of the above exception, another exception occurred:

Traceback (most recent call last):
  File "C:\Users\T-bao\AppData\Roaming\Python\Python39\site-packages\django\db\backends\utils.py", line 84, in _execute
    return self.cursor.execute(sql, params)
  File "C:\Users\T-bao\AppData\Roaming\Python\Python39\site-packages\django\db\backends\mysql\base.py", line 73, in execute
    return self.cursor.execute(query, args)
  File "C:\Users\T-bao\AppData\Roaming\Python\Python39\site-packages\MySQLdb\cursors.py", line 209, in execute
    res = self._query(query)
  File "C:\Users\T-bao\AppData\Roaming\Python\Python39\site-packages\MySQLdb\cursors.py", line 315, in _query
    db.query(q)
  File "C:\Users\T-bao\AppData\Roaming\Python\Python39\site-packages\MySQLdb\connections.py", line 239, in query
    _mysql.connection.query(self, query)
MySQLdb._exceptions.IntegrityError: (1062, "Duplicate entry 'xiaoliang1' for key 'shrimp_user.url_token'")

The above exception was the direct cause of the following exception:

Traceback (most recent call last):
  File "C:\Users\T-bao\AppData\Roaming\Python\Python39\site-packages\django\core\handlers\exception.py", line 47, in inner
    response = get_response(request)
  File "C:\Users\T-bao\AppData\Roaming\Python\Python39\site-packages\django\core\handlers\base.py", line 181, in _get_response
    response = wrapped_callback(request, *callback_args, **callback_kwargs)
  File "C:\Users\T-bao\AppData\Roaming\Python\Python39\site-packages\django\views\generic\base.py", line 70, in view
    return self.dispatch(request, *args, **kwargs)
  File "C:\Users\T-bao\AppData\Roaming\Python\Python39\site-packages\django\views\generic\base.py", line 98, in dispatch
    return handler(request, *args, **kwargs)
  File "C:\Users\T-bao\Desktop\orange\shrimp\views.py", line 73, in post
    user = models.User.objects.create_user(nickname, username, secret_key, url_token=url_token)
  File "C:\Users\T-bao\Desktop\orange\shrimp\models.py", line 26, in create_user
    return self._create_user(username, email, password, **extra_fields)
  File "C:\Users\T-bao\Desktop\orange\shrimp\models.py", line 20, in _create_user
    user.save(using=self._db)
  File "C:\Users\T-bao\AppData\Roaming\Python\Python39\site-packages\django\contrib\auth\base_user.py", line 67, in save
    super().save(*args, **kwargs)
  File "C:\Users\T-bao\AppData\Roaming\Python\Python39\site-packages\django\db\models\base.py", line 753, in save
    self.save_base(using=using, force_insert=force_insert,
  File "C:\Users\T-bao\AppData\Roaming\Python\Python39\site-packages\django\db\models\base.py", line 790, in save_base
    updated = self._save_table(
  File "C:\Users\T-bao\AppData\Roaming\Python\Python39\site-packages\django\db\models\base.py", line 895, in _save_table
    results = self._do_insert(cls._base_manager, using, fields, returning_fields, raw)
  File "C:\Users\T-bao\AppData\Roaming\Python\Python39\site-packages\django\db\models\base.py", line 933, in _do_insert
    return manager._insert(
  File "C:\Users\T-bao\AppData\Roaming\Python\Python39\site-packages\django\db\models\manager.py", line 85, in manager_method
    return getattr(self.get_queryset(), name)(*args, **kwargs)
  File "C:\Users\T-bao\AppData\Roaming\Python\Python39\site-packages\django\db\models\query.py", line 1254, in _insert
    return query.get_compiler(using=using).execute_sql(returning_fields)
  File "C:\Users\T-bao\AppData\Roaming\Python\Python39\site-packages\django\db\models\sql\compiler.py", line 1397, in execute_sql
    cursor.execute(sql, params)
  File "C:\Users\T-bao\AppData\Roaming\Python\Python39\site-packages\django\db\backends\utils.py", line 98, in execute
    return super().execute(sql, params)
  File "C:\Users\T-bao\AppData\Roaming\Python\Python39\site-packages\django\db\backends\utils.py", line 66, in execute
    return self._execute_with_wrappers(sql, params, many=False, executor=self._execute)
  File "C:\Users\T-bao\AppData\Roaming\Python\Python39\site-packages\django\db\backends\utils.py", line 75, in _execute_with_wrappers
    return executor(sql, params, many, context)
  File "C:\Users\T-bao\AppData\Roaming\Python\Python39\site-packages\django\db\backends\utils.py", line 84, in _execute
    return self.cursor.execute(sql, params)
  File "C:\Users\T-bao\AppData\Roaming\Python\Python39\site-packages\django\db\utils.py", line 90, in __exit__
    raise dj_exc_value.with_traceback(traceback) from exc_value
  File "C:\Users\T-bao\AppData\Roaming\Python\Python39\site-packages\django\db\backends\utils.py", line 84, in _execute
    return self.cursor.execute(sql, params)
  File "C:\Users\T-bao\AppData\Roaming\Python\Python39\site-packages\django\db\backends\mysql\base.py", line 73, in execute
    return self.cursor.execute(query, args)
  File "C:\Users\T-bao\AppData\Roaming\Python\Python39\site-packages\MySQLdb\cursors.py", line 209, in execute
    res = self._query(query)
  File "C:\Users\T-bao\AppData\Roaming\Python\Python39\site-packages\MySQLdb\cursors.py", line 315, in _query
    db.query(q)
  File "C:\Users\T-bao\AppData\Roaming\Python\Python39\site-packages\MySQLdb\connections.py", line 239, in query
    _mysql.connection.query(self, query)
django.db.utils.IntegrityError: (1062, "Duplicate entry 'xiaoliang1' for key 'shrimp_user.url_token'")
2021-03-01 15:31:00,607 [Thread-4:584] [django.request:224] [ERROR]- Internal Server Error: /register/
Traceback (most recent call last):
  File "C:\Users\T-bao\Desktop\orange\shrimp\views.py", line 52, in post
    models.User.objects.get(email=username)
  File "C:\Users\T-bao\AppData\Roaming\Python\Python39\site-packages\django\db\models\manager.py", line 85, in manager_method
    return getattr(self.get_queryset(), name)(*args, **kwargs)
  File "C:\Users\T-bao\AppData\Roaming\Python\Python39\site-packages\django\db\models\query.py", line 429, in get
    raise self.model.DoesNotExist(
shrimp.models.User.DoesNotExist: User matching query does not exist.

During handling of the above exception, another exception occurred:

Traceback (most recent call last):
  File "C:\Users\T-bao\AppData\Roaming\Python\Python39\site-packages\django\db\backends\utils.py", line 84, in _execute
    return self.cursor.execute(sql, params)
  File "C:\Users\T-bao\AppData\Roaming\Python\Python39\site-packages\django\db\backends\mysql\base.py", line 73, in execute
    return self.cursor.execute(query, args)
  File "C:\Users\T-bao\AppData\Roaming\Python\Python39\site-packages\MySQLdb\cursors.py", line 209, in execute
    res = self._query(query)
  File "C:\Users\T-bao\AppData\Roaming\Python\Python39\site-packages\MySQLdb\cursors.py", line 315, in _query
    db.query(q)
  File "C:\Users\T-bao\AppData\Roaming\Python\Python39\site-packages\MySQLdb\connections.py", line 239, in query
    _mysql.connection.query(self, query)
MySQLdb._exceptions.IntegrityError: (1062, "Duplicate entry 'Ð¡Áº' for key 'shrimp_user.username'")

The above exception was the direct cause of the following exception:

Traceback (most recent call last):
  File "C:\Users\T-bao\AppData\Roaming\Python\Python39\site-packages\django\core\handlers\exception.py", line 47, in inner
    response = get_response(request)
  File "C:\Users\T-bao\AppData\Roaming\Python\Python39\site-packages\django\core\handlers\base.py", line 181, in _get_response
    response = wrapped_callback(request, *callback_args, **callback_kwargs)
  File "C:\Users\T-bao\AppData\Roaming\Python\Python39\site-packages\django\views\generic\base.py", line 70, in view
    return self.dispatch(request, *args, **kwargs)
  File "C:\Users\T-bao\AppData\Roaming\Python\Python39\site-packages\django\views\generic\base.py", line 98, in dispatch
    return handler(request, *args, **kwargs)
  File "C:\Users\T-bao\Desktop\orange\shrimp\views.py", line 73, in post
    user = models.User.objects.create_user(nickname, username, secret_key, url_token=url_token)
  File "C:\Users\T-bao\Desktop\orange\shrimp\models.py", line 26, in create_user
    return self._create_user(username, email, password, **extra_fields)
  File "C:\Users\T-bao\Desktop\orange\shrimp\models.py", line 20, in _create_user
    user.save(using=self._db)
  File "C:\Users\T-bao\AppData\Roaming\Python\Python39\site-packages\django\contrib\auth\base_user.py", line 67, in save
    super().save(*args, **kwargs)
  File "C:\Users\T-bao\AppData\Roaming\Python\Python39\site-packages\django\db\models\base.py", line 753, in save
    self.save_base(using=using, force_insert=force_insert,
  File "C:\Users\T-bao\AppData\Roaming\Python\Python39\site-packages\django\db\models\base.py", line 790, in save_base
    updated = self._save_table(
  File "C:\Users\T-bao\AppData\Roaming\Python\Python39\site-packages\django\db\models\base.py", line 895, in _save_table
    results = self._do_insert(cls._base_manager, using, fields, returning_fields, raw)
  File "C:\Users\T-bao\AppData\Roaming\Python\Python39\site-packages\django\db\models\base.py", line 933, in _do_insert
    return manager._insert(
  File "C:\Users\T-bao\AppData\Roaming\Python\Python39\site-packages\django\db\models\manager.py", line 85, in manager_method
    return getattr(self.get_queryset(), name)(*args, **kwargs)
  File "C:\Users\T-bao\AppData\Roaming\Python\Python39\site-packages\django\db\models\query.py", line 1254, in _insert
    return query.get_compiler(using=using).execute_sql(returning_fields)
  File "C:\Users\T-bao\AppData\Roaming\Python\Python39\site-packages\django\db\models\sql\compiler.py", line 1397, in execute_sql
    cursor.execute(sql, params)
  File "C:\Users\T-bao\AppData\Roaming\Python\Python39\site-packages\django\db\backends\utils.py", line 98, in execute
    return super().execute(sql, params)
  File "C:\Users\T-bao\AppData\Roaming\Python\Python39\site-packages\django\db\backends\utils.py", line 66, in execute
    return self._execute_with_wrappers(sql, params, many=False, executor=self._execute)
  File "C:\Users\T-bao\AppData\Roaming\Python\Python39\site-packages\django\db\backends\utils.py", line 75, in _execute_with_wrappers
    return executor(sql, params, many, context)
  File "C:\Users\T-bao\AppData\Roaming\Python\Python39\site-packages\django\db\backends\utils.py", line 84, in _execute
    return self.cursor.execute(sql, params)
  File "C:\Users\T-bao\AppData\Roaming\Python\Python39\site-packages\django\db\utils.py", line 90, in __exit__
    raise dj_exc_value.with_traceback(traceback) from exc_value
  File "C:\Users\T-bao\AppData\Roaming\Python\Python39\site-packages\django\db\backends\utils.py", line 84, in _execute
    return self.cursor.execute(sql, params)
  File "C:\Users\T-bao\AppData\Roaming\Python\Python39\site-packages\django\db\backends\mysql\base.py", line 73, in execute
    return self.cursor.execute(query, args)
  File "C:\Users\T-bao\AppData\Roaming\Python\Python39\site-packages\MySQLdb\cursors.py", line 209, in execute
    res = self._query(query)
  File "C:\Users\T-bao\AppData\Roaming\Python\Python39\site-packages\MySQLdb\cursors.py", line 315, in _query
    db.query(q)
  File "C:\Users\T-bao\AppData\Roaming\Python\Python39\site-packages\MySQLdb\connections.py", line 239, in query
    _mysql.connection.query(self, query)
django.db.utils.IntegrityError: (1062, "Duplicate entry 'Ð¡Áº' for key 'shrimp_user.username'")
2021-03-01 16:11:03,249 [Thread-1:10296] [django.request:224] [ERROR]- Internal Server Error: /register/
Traceback (most recent call last):
  File "C:\Users\T-bao\Desktop\orange\shrimp\views.py", line 52, in post
    models.User.objects.get(email=username)
  File "C:\Users\T-bao\AppData\Roaming\Python\Python39\site-packages\django\db\models\manager.py", line 85, in manager_method
    return getattr(self.get_queryset(), name)(*args, **kwargs)
  File "C:\Users\T-bao\AppData\Roaming\Python\Python39\site-packages\django\db\models\query.py", line 429, in get
    raise self.model.DoesNotExist(
shrimp.models.User.DoesNotExist: User matching query does not exist.

During handling of the above exception, another exception occurred:

Traceback (most recent call last):
  File "C:\Users\T-bao\AppData\Roaming\Python\Python39\site-packages\django\core\handlers\exception.py", line 47, in inner
    response = get_response(request)
  File "C:\Users\T-bao\AppData\Roaming\Python\Python39\site-packages\django\core\handlers\base.py", line 181, in _get_response
    response = wrapped_callback(request, *callback_args, **callback_kwargs)
  File "C:\Users\T-bao\AppData\Roaming\Python\Python39\site-packages\django\views\generic\base.py", line 70, in view
    return self.dispatch(request, *args, **kwargs)
  File "C:\Users\T-bao\AppData\Roaming\Python\Python39\site-packages\django\views\generic\base.py", line 98, in dispatch
    return handler(request, *args, **kwargs)
  File "C:\Users\T-bao\Desktop\orange\shrimp\views.py", line 73, in post
    user = models.User.objects.create_user(nickname, username, secret_key, url_token=url_token)
TypeError: create_user() takes from 1 to 3 positional arguments but 4 were given
2021-03-01 16:28:51,596 [Thread-1:9072] [django.request:224] [ERROR]- Internal Server Error: /login/
Traceback (most recent call last):
  File "C:\Users\T-bao\AppData\Roaming\Python\Python39\site-packages\django\core\handlers\exception.py", line 47, in inner
    response = get_response(request)
  File "C:\Users\T-bao\AppData\Roaming\Python\Python39\site-packages\django\core\handlers\base.py", line 181, in _get_response
    response = wrapped_callback(request, *callback_args, **callback_kwargs)
  File "C:\Users\T-bao\AppData\Roaming\Python\Python39\site-packages\django\views\generic\base.py", line 70, in view
    return self.dispatch(request, *args, **kwargs)
  File "C:\Users\T-bao\AppData\Roaming\Python\Python39\site-packages\django\views\generic\base.py", line 98, in dispatch
    return handler(request, *args, **kwargs)
  File "C:\Users\T-bao\Desktop\orange\shrimp\views.py", line 106, in post
    user = authenticate(username, secret_key)
TypeError: authenticate() takes from 0 to 1 positional arguments but 2 were given
2021-03-01 16:28:56,760 [Thread-1:9072] [django.request:224] [ERROR]- Internal Server Error: /login/
Traceback (most recent call last):
  File "C:\Users\T-bao\AppData\Roaming\Python\Python39\site-packages\django\core\handlers\exception.py", line 47, in inner
    response = get_response(request)
  File "C:\Users\T-bao\AppData\Roaming\Python\Python39\site-packages\django\core\handlers\base.py", line 181, in _get_response
    response = wrapped_callback(request, *callback_args, **callback_kwargs)
  File "C:\Users\T-bao\AppData\Roaming\Python\Python39\site-packages\django\views\generic\base.py", line 70, in view
    return self.dispatch(request, *args, **kwargs)
  File "C:\Users\T-bao\AppData\Roaming\Python\Python39\site-packages\django\views\generic\base.py", line 98, in dispatch
    return handler(request, *args, **kwargs)
  File "C:\Users\T-bao\Desktop\orange\shrimp\views.py", line 106, in post
    user = authenticate(username, secret_key)
TypeError: authenticate() takes from 0 to 1 positional arguments but 2 were given
2021-03-01 16:29:03,819 [Thread-1:9072] [django.request:224] [ERROR]- Internal Server Error: /login/
Traceback (most recent call last):
  File "C:\Users\T-bao\AppData\Roaming\Python\Python39\site-packages\django\core\handlers\exception.py", line 47, in inner
    response = get_response(request)
  File "C:\Users\T-bao\AppData\Roaming\Python\Python39\site-packages\django\core\handlers\base.py", line 181, in _get_response
    response = wrapped_callback(request, *callback_args, **callback_kwargs)
  File "C:\Users\T-bao\AppData\Roaming\Python\Python39\site-packages\django\views\generic\base.py", line 70, in view
    return self.dispatch(request, *args, **kwargs)
  File "C:\Users\T-bao\AppData\Roaming\Python\Python39\site-packages\django\views\generic\base.py", line 98, in dispatch
    return handler(request, *args, **kwargs)
  File "C:\Users\T-bao\Desktop\orange\shrimp\views.py", line 106, in post
    user = authenticate(username, secret_key)
TypeError: authenticate() takes from 0 to 1 positional arguments but 2 were given
2021-03-01 16:29:15,783 [Thread-1:9072] [django.request:224] [ERROR]- Internal Server Error: /login/
Traceback (most recent call last):
  File "C:\Users\T-bao\AppData\Roaming\Python\Python39\site-packages\django\core\handlers\exception.py", line 47, in inner
    response = get_response(request)
  File "C:\Users\T-bao\AppData\Roaming\Python\Python39\site-packages\django\core\handlers\base.py", line 181, in _get_response
    response = wrapped_callback(request, *callback_args, **callback_kwargs)
  File "C:\Users\T-bao\AppData\Roaming\Python\Python39\site-packages\django\views\generic\base.py", line 70, in view
    return self.dispatch(request, *args, **kwargs)
  File "C:\Users\T-bao\AppData\Roaming\Python\Python39\site-packages\django\views\generic\base.py", line 98, in dispatch
    return handler(request, *args, **kwargs)
  File "C:\Users\T-bao\Desktop\orange\shrimp\views.py", line 106, in post
    user = authenticate(username, secret_key)
TypeError: authenticate() takes from 0 to 1 positional arguments but 2 were given
2021-03-02 16:17:19,692 [Thread-2:9020] [django.request:224] [ERROR]- Internal Server Error: /
Traceback (most recent call last):
  File "C:\Users\T-bao\AppData\Roaming\Python\Python39\site-packages\django\core\handlers\exception.py", line 47, in inner
    response = get_response(request)
  File "C:\Users\T-bao\AppData\Roaming\Python\Python39\site-packages\django\core\handlers\base.py", line 181, in _get_response
    response = wrapped_callback(request, *callback_args, **callback_kwargs)
  File "C:\Users\T-bao\AppData\Roaming\Python\Python39\site-packages\django\views\generic\base.py", line 70, in view
    return self.dispatch(request, *args, **kwargs)
  File "C:\Users\T-bao\AppData\Roaming\Python\Python39\site-packages\django\views\generic\base.py", line 98, in dispatch
    return handler(request, *args, **kwargs)
  File "C:\Users\T-bao\Desktop\orange\shrimp\views.py", line 24, in get
    answers = models.Answer.objects.filter('')
  File "C:\Users\T-bao\AppData\Roaming\Python\Python39\site-packages\django\db\models\manager.py", line 85, in manager_method
    return getattr(self.get_queryset(), name)(*args, **kwargs)
  File "C:\Users\T-bao\AppData\Roaming\Python\Python39\site-packages\django\db\models\query.py", line 942, in filter
    return self._filter_or_exclude(False, *args, **kwargs)
  File "C:\Users\T-bao\AppData\Roaming\Python\Python39\site-packages\django\db\models\query.py", line 962, in _filter_or_exclude
    clone._filter_or_exclude_inplace(negate, *args, **kwargs)
  File "C:\Users\T-bao\AppData\Roaming\Python\Python39\site-packages\django\db\models\query.py", line 969, in _filter_or_exclude_inplace
    self._query.add_q(Q(*args, **kwargs))
  File "C:\Users\T-bao\AppData\Roaming\Python\Python39\site-packages\django\db\models\sql\query.py", line 1358, in add_q
    clause, _ = self._add_q(q_object, self.used_aliases)
  File "C:\Users\T-bao\AppData\Roaming\Python\Python39\site-packages\django\db\models\sql\query.py", line 1377, in _add_q
    child_clause, needed_inner = self.build_filter(
  File "C:\Users\T-bao\AppData\Roaming\Python\Python39\site-packages\django\db\models\sql\query.py", line 1255, in build_filter
    arg, value = filter_expr
ValueError: not enough values to unpack (expected 2, got 0)
2021-03-02 16:17:56,982 [Thread-2:9020] [django.request:224] [ERROR]- Internal Server Error: /
Traceback (most recent call last):
  File "C:\Users\T-bao\AppData\Roaming\Python\Python39\site-packages\django\core\handlers\exception.py", line 47, in inner
    response = get_response(request)
  File "C:\Users\T-bao\AppData\Roaming\Python\Python39\site-packages\django\core\handlers\base.py", line 181, in _get_response
    response = wrapped_callback(request, *callback_args, **callback_kwargs)
  File "C:\Users\T-bao\AppData\Roaming\Python\Python39\site-packages\django\views\generic\base.py", line 70, in view
    return self.dispatch(request, *args, **kwargs)
  File "C:\Users\T-bao\AppData\Roaming\Python\Python39\site-packages\django\views\generic\base.py", line 98, in dispatch
    return handler(request, *args, **kwargs)
  File "C:\Users\T-bao\Desktop\orange\shrimp\views.py", line 24, in get
    answers = models.Answer.objects.filter('')
  File "C:\Users\T-bao\AppData\Roaming\Python\Python39\site-packages\django\db\models\manager.py", line 85, in manager_method
    return getattr(self.get_queryset(), name)(*args, **kwargs)
  File "C:\Users\T-bao\AppData\Roaming\Python\Python39\site-packages\django\db\models\query.py", line 942, in filter
    return self._filter_or_exclude(False, *args, **kwargs)
  File "C:\Users\T-bao\AppData\Roaming\Python\Python39\site-packages\django\db\models\query.py", line 962, in _filter_or_exclude
    clone._filter_or_exclude_inplace(negate, *args, **kwargs)
  File "C:\Users\T-bao\AppData\Roaming\Python\Python39\site-packages\django\db\models\query.py", line 969, in _filter_or_exclude_inplace
    self._query.add_q(Q(*args, **kwargs))
  File "C:\Users\T-bao\AppData\Roaming\Python\Python39\site-packages\django\db\models\sql\query.py", line 1358, in add_q
    clause, _ = self._add_q(q_object, self.used_aliases)
  File "C:\Users\T-bao\AppData\Roaming\Python\Python39\site-packages\django\db\models\sql\query.py", line 1377, in _add_q
    child_clause, needed_inner = self.build_filter(
  File "C:\Users\T-bao\AppData\Roaming\Python\Python39\site-packages\django\db\models\sql\query.py", line 1255, in build_filter
    arg, value = filter_expr
ValueError: not enough values to unpack (expected 2, got 0)
2021-03-04 14:28:29,245 [Thread-6:9624] [django.request:224] [ERROR]- Internal Server Error: /
Traceback (most recent call last):
  File "C:\Users\T-bao\AppData\Roaming\Python\Python39\site-packages\django\core\handlers\exception.py", line 47, in inner
    response = get_response(request)
  File "C:\Users\T-bao\AppData\Roaming\Python\Python39\site-packages\django\core\handlers\base.py", line 181, in _get_response
    response = wrapped_callback(request, *callback_args, **callback_kwargs)
  File "C:\Users\T-bao\AppData\Roaming\Python\Python39\site-packages\django\views\generic\base.py", line 70, in view
    return self.dispatch(request, *args, **kwargs)
  File "C:\Users\T-bao\AppData\Roaming\Python\Python39\site-packages\django\views\generic\base.py", line 98, in dispatch
    return handler(request, *args, **kwargs)
  File "C:\Users\T-bao\Desktop\orange\shrimp\views.py", line 23, in get
    print(user.nickname)
AttributeError: 'NoneType' object has no attribute 'nickname'
2021-03-05 09:25:59,873 [Thread-1:10748] [django.request:224] [ERROR]- Internal Server Error: /comment/
Traceback (most recent call last):
  File "C:\Users\T-bao\AppData\Roaming\Python\Python39\site-packages\django\core\handlers\exception.py", line 47, in inner
    response = get_response(request)
  File "C:\Users\T-bao\AppData\Roaming\Python\Python39\site-packages\django\core\handlers\base.py", line 181, in _get_response
    response = wrapped_callback(request, *callback_args, **callback_kwargs)
  File "C:\Users\T-bao\AppData\Roaming\Python\Python39\site-packages\django\views\generic\base.py", line 70, in view
    return self.dispatch(request, *args, **kwargs)
  File "C:\Users\T-bao\AppData\Roaming\Python\Python39\site-packages\django\contrib\auth\mixins.py", line 52, in dispatch
    return super().dispatch(request, *args, **kwargs)
  File "C:\Users\T-bao\AppData\Roaming\Python\Python39\site-packages\django\views\generic\base.py", line 98, in dispatch
    return handler(request, *args, **kwargs)
  File "C:\Users\T-bao\Desktop\orange\shrimp\views.py", line 267, in post
    elif not answer_id or not content:
NameError: name 'content' is not defined
2021-03-05 09:26:03,087 [Thread-1:10748] [django.request:224] [ERROR]- Internal Server Error: /comment/
Traceback (most recent call last):
  File "C:\Users\T-bao\AppData\Roaming\Python\Python39\site-packages\django\core\handlers\exception.py", line 47, in inner
    response = get_response(request)
  File "C:\Users\T-bao\AppData\Roaming\Python\Python39\site-packages\django\core\handlers\base.py", line 181, in _get_response
    response = wrapped_callback(request, *callback_args, **callback_kwargs)
  File "C:\Users\T-bao\AppData\Roaming\Python\Python39\site-packages\django\views\generic\base.py", line 70, in view
    return self.dispatch(request, *args, **kwargs)
  File "C:\Users\T-bao\AppData\Roaming\Python\Python39\site-packages\django\contrib\auth\mixins.py", line 52, in dispatch
    return super().dispatch(request, *args, **kwargs)
  File "C:\Users\T-bao\AppData\Roaming\Python\Python39\site-packages\django\views\generic\base.py", line 98, in dispatch
    return handler(request, *args, **kwargs)
  File "C:\Users\T-bao\Desktop\orange\shrimp\views.py", line 267, in post
    elif not answer_id or not content:
NameError: name 'content' is not defined
2021-03-05 09:26:06,068 [Thread-1:10748] [django.request:224] [ERROR]- Internal Server Error: /comment/
Traceback (most recent call last):
  File "C:\Users\T-bao\AppData\Roaming\Python\Python39\site-packages\django\core\handlers\exception.py", line 47, in inner
    response = get_response(request)
  File "C:\Users\T-bao\AppData\Roaming\Python\Python39\site-packages\django\core\handlers\base.py", line 181, in _get_response
    response = wrapped_callback(request, *callback_args, **callback_kwargs)
  File "C:\Users\T-bao\AppData\Roaming\Python\Python39\site-packages\django\views\generic\base.py", line 70, in view
    return self.dispatch(request, *args, **kwargs)
  File "C:\Users\T-bao\AppData\Roaming\Python\Python39\site-packages\django\contrib\auth\mixins.py", line 52, in dispatch
    return super().dispatch(request, *args, **kwargs)
  File "C:\Users\T-bao\AppData\Roaming\Python\Python39\site-packages\django\views\generic\base.py", line 98, in dispatch
    return handler(request, *args, **kwargs)
  File "C:\Users\T-bao\Desktop\orange\shrimp\views.py", line 267, in post
    elif not answer_id or not content:
NameError: name 'content' is not defined
2021-03-05 09:26:07,088 [Thread-1:10748] [django.request:224] [ERROR]- Internal Server Error: /comment/
Traceback (most recent call last):
  File "C:\Users\T-bao\AppData\Roaming\Python\Python39\site-packages\django\core\handlers\exception.py", line 47, in inner
    response = get_response(request)
  File "C:\Users\T-bao\AppData\Roaming\Python\Python39\site-packages\django\core\handlers\base.py", line 181, in _get_response
    response = wrapped_callback(request, *callback_args, **callback_kwargs)
  File "C:\Users\T-bao\AppData\Roaming\Python\Python39\site-packages\django\views\generic\base.py", line 70, in view
    return self.dispatch(request, *args, **kwargs)
  File "C:\Users\T-bao\AppData\Roaming\Python\Python39\site-packages\django\contrib\auth\mixins.py", line 52, in dispatch
    return super().dispatch(request, *args, **kwargs)
  File "C:\Users\T-bao\AppData\Roaming\Python\Python39\site-packages\django\views\generic\base.py", line 98, in dispatch
    return handler(request, *args, **kwargs)
  File "C:\Users\T-bao\Desktop\orange\shrimp\views.py", line 267, in post
    elif not answer_id or not content:
NameError: name 'content' is not defined
